2026-07-02 19:05:50,049 - phidata_engine - ERROR - Error importing Crawl4aiTools: `crawl4ai` not installed. Please install using `pip install crawl4ai`
C:\Project_Ember\ember_api.py:55: DeprecationWarning: 
        on_event is deprecated, use lifespan event handlers instead.

        Read more about it in the
        [FastAPI docs for Lifespan Events](https://fastapi.tiangolo.com/advanced/events/).
        
  @app.on_event("startup")
2026-07-02 19:05:50,955 - phidata_engine - ERROR - Error importing Crawl4aiTools: `crawl4ai` not installed. Please install using `pip install crawl4ai`
INFO:     Started server process [13788]
INFO:     Waiting for application startup.
INFO:     Application startup complete.
INFO:     Uvicorn running on http://0.0.0.0:8000 (Press CTRL+C to quit)
2026-07-02 19:05:59,186 - httpx - INFO - HTTP Request: GET https://huggingface.co/api/models/Systran/faster-whisper-base.en/revision/main "HTTP/1.1 200 OK"
2026-07-02 19:05:59,631 - httpx - INFO - HTTP Request: GET https://huggingface.co/api/models/Systran/faster-whisper-base.en/revision/main "HTTP/1.1 200 OK"
2026-07-02 19:06:06,665 - httpx - INFO - HTTP Request: HEAD https://huggingface.co/hexgrad/Kokoro-82M/resolve/main/config.json "HTTP/1.1 307 Temporary Redirect"
2026-07-02 19:06:06,702 - httpx - INFO - HTTP Request: HEAD https://huggingface.co/api/resolve-cache/models/hexgrad/Kokoro-82M/f3ff3571791e39611d31c381e3a41a3af07b4987/config.json "HTTP/1.1 200 OK"
C:\Project_Ember\myenv\Lib\site-packages\torch\nn\modules\rnn.py:1009: UserWarning: dropout option adds dropout after all but last recurrent layer, so non-zero dropout expects num_layers greater than 1, but got dropout=0.2 and num_layers=1
  super().__init__("LSTM", *args, **kwargs)
C:\Project_Ember\myenv\Lib\site-packages\torch\nn\utils\weight_norm.py:144: FutureWarning: `torch.nn.utils.weight_norm` is deprecated in favor of `torch.nn.utils.parametrizations.weight_norm`.
  WeightNorm.apply(module, name, dim)
2026-07-02 19:06:08,153 - httpx - INFO - HTTP Request: HEAD https://huggingface.co/hexgrad/Kokoro-82M/resolve/main/kokoro-v1_0.pth "HTTP/1.1 302 Found"
Warning: You are sending unauthenticated requests to the HF Hub. Please set a HF_TOKEN to enable higher rate limits and faster downloads.
2026-07-02 19:06:08,154 - huggingface_hub.utils._http - WARNING - Warning: You are sending unauthenticated requests to the HF Hub. Please set a HF_TOKEN to enable higher rate limits and faster downloads.
